<?xml version="1.0" encoding="UTF-8"?>
<testsuite xmlns:xsi="http://www.w3.org/2001/XMLSchema-instance" xsi:noNamespaceSchemaLocation="https://maven.apache.org/surefire/maven-surefire-plugin/xsd/surefire-test-report.xsd" version="3.0.2" name="com.a8.runner.RunCucumberTest" time="22.2" tests="3" errors="0" skipped="0" failures="0">
  <properties>
    <property name="java.specification.version" value="21"/>
    <property name="sun.cpu.isalist" value="amd64"/>
    <property name="sun.jnu.encoding" value="Cp1252"/>
    <property name="java.class.path" value="C:\Users\Adinda Fauzia P\Documents\Semester 6\PPL\WebAutomationTesting-PPLPraktek\target\test-classes;C:\Users\Adinda Fauzia P\Documents\Semester 6\PPL\WebAutomationTesting-PPLPraktek\target\classes;C:\Users\Adinda Fauzia P\.m2\repository\io\cucumber\cucumber-java\7.22.2\cucumber-java-7.22.2.jar;C:\Users\Adinda Fauzia P\.m2\repository\io\cucumber\cucumber-core\7.22.2\cucumber-core-7.22.2.jar;C:\Users\Adinda Fauzia P\.m2\repository\io\cucumber\cucumber-gherkin\7.22.2\cucumber-gherkin-7.22.2.jar;C:\Users\Adinda Fauzia P\.m2\repository\io\cucumber\cucumber-gherkin-messages\7.22.2\cucumber-gherkin-messages-7.22.2.jar;C:\Users\Adinda Fauzia P\.m2\repository\io\cucumber\messages\27.2.0\messages-27.2.0.jar;C:\Users\Adinda Fauzia P\.m2\repository\io\cucumber\testng-xml-formatter\0.3.1\testng-xml-formatter-0.3.1.jar;C:\Users\Adinda Fauzia P\.m2\repository\io\cucumber\query\13.2.0\query-13.2.0.jar;C:\Users\Adinda Fauzia P\.m2\repository\io\cucumber\tag-expressions\6.1.2\tag-expressions-6.1.2.jar;C:\Users\Adinda Fauzia P\.m2\repository\io\cucumber\cucumber-expressions\18.0.1\cucumber-expressions-18.0.1.jar;C:\Users\Adinda Fauzia P\.m2\repository\io\cucumber\datatable\7.22.2\datatable-7.22.2.jar;C:\Users\Adinda Fauzia P\.m2\repository\io\cucumber\cucumber-plugin\7.22.2\cucumber-plugin-7.22.2.jar;C:\Users\Adinda Fauzia P\.m2\repository\io\cucumber\docstring\7.22.2\docstring-7.22.2.jar;C:\Users\Adinda Fauzia P\.m2\repository\io\cucumber\html-formatter\21.10.1\html-formatter-21.10.1.jar;C:\Users\Adinda Fauzia P\.m2\repository\io\cucumber\junit-xml-formatter\0.7.1\junit-xml-formatter-0.7.1.jar;C:\Users\Adinda Fauzia P\.m2\repository\io\cucumber\ci-environment\10.0.1\ci-environment-10.0.1.jar;C:\Users\Adinda Fauzia P\.m2\repository\org\apiguardian\apiguardian-api\1.1.2\apiguardian-api-1.1.2.jar;C:\Users\Adinda Fauzia P\.m2\repository\io\cucumber\cucumber-junit-platform-engine\7.22.2\cucumber-junit-platform-engine-7.22.2.jar;C:\Users\Adinda Fauzia P\.m2\repository\org\junit\platform\junit-platform-engine\1.12.2\junit-platform-engine-1.12.2.jar;C:\Users\Adinda Fauzia P\.m2\repository\org\opentest4j\opentest4j\1.3.0\opentest4j-1.3.0.jar;C:\Users\Adinda Fauzia P\.m2\repository\org\junit\platform\junit-platform-commons\1.12.2\junit-platform-commons-1.12.2.jar;C:\Users\Adinda Fauzia P\.m2\repository\org\junit\jupiter\junit-jupiter\5.12.2\junit-jupiter-5.12.2.jar;C:\Users\Adinda Fauzia P\.m2\repository\org\junit\jupiter\junit-jupiter-api\5.12.2\junit-jupiter-api-5.12.2.jar;C:\Users\Adinda Fauzia P\.m2\repository\org\junit\jupiter\junit-jupiter-params\5.12.2\junit-jupiter-params-5.12.2.jar;C:\Users\Adinda Fauzia P\.m2\repository\org\junit\jupiter\junit-jupiter-engine\5.12.2\junit-jupiter-engine-5.12.2.jar;C:\Users\Adinda Fauzia P\.m2\repository\org\junit\platform\junit-platform-suite\1.12.2\junit-platform-suite-1.12.2.jar;C:\Users\Adinda Fauzia P\.m2\repository\org\junit\platform\junit-platform-suite-api\1.12.2\junit-platform-suite-api-1.12.2.jar;C:\Users\Adinda Fauzia P\.m2\repository\org\junit\platform\junit-platform-suite-engine\1.12.2\junit-platform-suite-engine-1.12.2.jar;C:\Users\Adinda Fauzia P\.m2\repository\org\junit\platform\junit-platform-suite-commons\1.12.2\junit-platform-suite-commons-1.12.2.jar;C:\Users\Adinda Fauzia P\.m2\repository\org\seleniumhq\selenium\selenium-java\4.31.0\selenium-java-4.31.0.jar;C:\Users\Adinda Fauzia P\.m2\repository\org\seleniumhq\selenium\selenium-api\4.31.0\selenium-api-4.31.0.jar;C:\Users\Adinda Fauzia P\.m2\repository\org\jspecify\jspecify\1.0.0\jspecify-1.0.0.jar;C:\Users\Adinda Fauzia P\.m2\repository\org\seleniumhq\selenium\selenium-chrome-driver\4.31.0\selenium-chrome-driver-4.31.0.jar;C:\Users\Adinda Fauzia P\.m2\repository\com\google\auto\service\auto-service-annotations\1.1.1\auto-service-annotations-1.1.1.jar;C:\Users\Adinda Fauzia P\.m2\repository\org\seleniumhq\selenium\selenium-chromium-driver\4.31.0\selenium-chromium-driver-4.31.0.jar;C:\Users\Adinda Fauzia P\.m2\repository\org\seleniumhq\selenium\selenium-json\4.31.0\selenium-json-4.31.0.jar;C:\Users\Adinda Fauzia P\.m2\repository\org\seleniumhq\selenium\selenium-manager\4.31.0\selenium-manager-4.31.0.jar;C:\Users\Adinda Fauzia P\.m2\repository\org\seleniumhq\selenium\selenium-devtools-v133\4.31.0\selenium-devtools-v133-4.31.0.jar;C:\Users\Adinda Fauzia P\.m2\repository\org\seleniumhq\selenium\selenium-devtools-v134\4.31.0\selenium-devtools-v134-4.31.0.jar;C:\Users\Adinda Fauzia P\.m2\repository\org\seleniumhq\selenium\selenium-devtools-v135\4.31.0\selenium-devtools-v135-4.31.0.jar;C:\Users\Adinda Fauzia P\.m2\repository\org\seleniumhq\selenium\selenium-edge-driver\4.31.0\selenium-edge-driver-4.31.0.jar;C:\Users\Adinda Fauzia P\.m2\repository\org\seleniumhq\selenium\selenium-firefox-driver\4.31.0\selenium-firefox-driver-4.31.0.jar;C:\Users\Adinda Fauzia P\.m2\repository\org\seleniumhq\selenium\selenium-http\4.31.0\selenium-http-4.31.0.jar;C:\Users\Adinda Fauzia P\.m2\repository\org\seleniumhq\selenium\selenium-ie-driver\4.31.0\selenium-ie-driver-4.31.0.jar;C:\Users\Adinda Fauzia P\.m2\repository\org\seleniumhq\selenium\selenium-remote-driver\4.31.0\selenium-remote-driver-4.31.0.jar;C:\Users\Adinda Fauzia P\.m2\repository\com\google\guava\guava\33.4.6-jre\guava-33.4.6-jre.jar;C:\Users\Adinda Fauzia P\.m2\repository\com\google\guava\failureaccess\1.0.3\failureaccess-1.0.3.jar;C:\Users\Adinda Fauzia P\.m2\repository\com\google\guava\listenablefuture\9999.0-empty-to-avoid-conflict-with-guava\listenablefuture-9999.0-empty-to-avoid-conflict-with-guava.jar;C:\Users\Adinda Fauzia P\.m2\repository\com\google\j2objc\j2objc-annotations\3.0.0\j2objc-annotations-3.0.0.jar;C:\Users\Adinda Fauzia P\.m2\repository\io\opentelemetry\opentelemetry-api\1.48.0\opentelemetry-api-1.48.0.jar;C:\Users\Adinda Fauzia P\.m2\repository\io\opentelemetry\opentelemetry-context\1.48.0\opentelemetry-context-1.48.0.jar;C:\Users\Adinda Fauzia P\.m2\repository\io\opentelemetry\opentelemetry-exporter-logging\1.48.0\opentelemetry-exporter-logging-1.48.0.jar;C:\Users\Adinda Fauzia P\.m2\repository\io\opentelemetry\opentelemetry-sdk-common\1.48.0\opentelemetry-sdk-common-1.48.0.jar;C:\Users\Adinda Fauzia P\.m2\repository\io\opentelemetry\opentelemetry-sdk-extension-autoconfigure-spi\1.48.0\opentelemetry-sdk-extension-autoconfigure-spi-1.48.0.jar;C:\Users\Adinda Fauzia P\.m2\repository\io\opentelemetry\opentelemetry-sdk-extension-autoconfigure\1.48.0\opentelemetry-sdk-extension-autoconfigure-1.48.0.jar;C:\Users\Adinda Fauzia P\.m2\repository\io\opentelemetry\opentelemetry-sdk-trace\1.48.0\opentelemetry-sdk-trace-1.48.0.jar;C:\Users\Adinda Fauzia P\.m2\repository\io\opentelemetry\opentelemetry-sdk\1.48.0\opentelemetry-sdk-1.48.0.jar;C:\Users\Adinda Fauzia P\.m2\repository\io\opentelemetry\opentelemetry-sdk-metrics\1.48.0\opentelemetry-sdk-metrics-1.48.0.jar;C:\Users\Adinda Fauzia P\.m2\repository\io\opentelemetry\opentelemetry-sdk-logs\1.48.0\opentelemetry-sdk-logs-1.48.0.jar;C:\Users\Adinda Fauzia P\.m2\repository\org\seleniumhq\selenium\selenium-os\4.31.0\selenium-os-4.31.0.jar;C:\Users\Adinda Fauzia P\.m2\repository\org\apache\commons\commons-exec\1.4.0\commons-exec-1.4.0.jar;C:\Users\Adinda Fauzia P\.m2\repository\org\seleniumhq\selenium\selenium-safari-driver\4.31.0\selenium-safari-driver-4.31.0.jar;C:\Users\Adinda Fauzia P\.m2\repository\org\seleniumhq\selenium\selenium-support\4.31.0\selenium-support-4.31.0.jar;C:\Users\Adinda Fauzia P\.m2\repository\io\github\bonigarcia\webdrivermanager\6.1.0\webdrivermanager-6.1.0.jar;C:\Users\Adinda Fauzia P\.m2\repository\org\slf4j\slf4j-api\2.0.17\slf4j-api-2.0.17.jar;C:\Users\Adinda Fauzia P\.m2\repository\com\google\code\gson\gson\2.13.0\gson-2.13.0.jar;C:\Users\Adinda Fauzia P\.m2\repository\com\google\errorprone\error_prone_annotations\2.37.0\error_prone_annotations-2.37.0.jar;C:\Users\Adinda Fauzia P\.m2\repository\com\github\docker-java\docker-java\3.5.0\docker-java-3.5.0.jar;C:\Users\Adinda Fauzia P\.m2\repository\com\github\docker-java\docker-java-core\3.5.0\docker-java-core-3.5.0.jar;C:\Users\Adinda Fauzia P\.m2\repository\com\github\docker-java\docker-java-api\3.5.0\docker-java-api-3.5.0.jar;C:\Users\Adinda Fauzia P\.m2\repository\com\fasterxml\jackson\core\jackson-annotations\2.18.3\jackson-annotations-2.18.3.jar;C:\Users\Adinda Fauzia P\.m2\repository\com\fasterxml\jackson\core\jackson-databind\2.18.3\jackson-databind-2.18.3.jar;C:\Users\Adinda Fauzia P\.m2\repository\com\fasterxml\jackson\core\jackson-core\2.18.3\jackson-core-2.18.3.jar;C:\Users\Adinda Fauzia P\.m2\repository\org\slf4j\jcl-over-slf4j\1.7.30\jcl-over-slf4j-1.7.30.jar;C:\Users\Adinda Fauzia P\.m2\repository\com\github\docker-java\docker-java-transport-httpclient5\3.5.0\docker-java-transport-httpclient5-3.5.0.jar;C:\Users\Adinda Fauzia P\.m2\repository\com\github\docker-java\docker-java-transport\3.5.0\docker-java-transport-3.5.0.jar;C:\Users\Adinda Fauzia P\.m2\repository\net\java\dev\jna\jna\5.17.0\jna-5.17.0.jar;C:\Users\Adinda Fauzia P\.m2\repository\org\brotli\dec\0.1.2\dec-0.1.2.jar;C:\Users\Adinda Fauzia P\.m2\repository\org\apache\commons\commons-lang3\3.17.0\commons-lang3-3.17.0.jar;C:\Users\Adinda Fauzia P\.m2\repository\org\apache\commons\commons-compress\1.27.1\commons-compress-1.27.1.jar;C:\Users\Adinda Fauzia P\.m2\repository\commons-codec\commons-codec\1.17.1\commons-codec-1.17.1.jar;C:\Users\Adinda Fauzia P\.m2\repository\commons-io\commons-io\2.16.1\commons-io-2.16.1.jar;C:\Users\Adinda Fauzia P\.m2\repository\org\apache\httpcomponents\client5\httpclient5\5.4.3\httpclient5-5.4.3.jar;C:\Users\Adinda Fauzia P\.m2\repository\org\apache\httpcomponents\core5\httpcore5\5.3.4\httpcore5-5.3.4.jar;C:\Users\Adinda Fauzia P\.m2\repository\org\apache\httpcomponents\core5\httpcore5-h2\5.3.4\httpcore5-h2-5.3.4.jar;C:\Users\Adinda Fauzia P\.m2\repository\net\java\dev\jna\jna-platform\5.13.0\jna-platform-5.13.0.jar;C:\Users\Adinda Fauzia P\.m2\repository\org\assertj\assertj-core\3.27.3\assertj-core-3.27.3.jar;C:\Users\Adinda Fauzia P\.m2\repository\net\bytebuddy\byte-buddy\1.15.11\byte-buddy-1.15.11.jar;C:\Users\Adinda Fauzia P\.m2\repository\io\qameta\allure\allure-junit5\2.24.0\allure-junit5-2.24.0.jar;C:\Users\Adinda Fauzia P\.m2\repository\io\qameta\allure\allure-junit-platform\2.24.0\allure-junit-platform-2.24.0.jar;C:\Users\Adinda Fauzia P\.m2\repository\io\qameta\allure\allure-test-filter\2.24.0\allure-test-filter-2.24.0.jar;C:\Users\Adinda Fauzia P\.m2\repository\org\junit\platform\junit-platform-launcher\1.12.2\junit-platform-launcher-1.12.2.jar;C:\Users\Adinda Fauzia P\.m2\repository\io\qameta\allure\allure-cucumber7-jvm\2.24.0\allure-cucumber7-jvm-2.24.0.jar;C:\Users\Adinda Fauzia P\.m2\repository\io\qameta\allure\allure-java-commons\2.24.0\allure-java-commons-2.24.0.jar;C:\Users\Adinda Fauzia P\.m2\repository\io\qameta\allure\allure-model\2.24.0\allure-model-2.24.0.jar;C:\Users\Adinda Fauzia P\.m2\repository\io\cucumber\gherkin\32.1.1\gherkin-32.1.1.jar;"/>
    <property name="java.vm.vendor" value="Oracle Corporation"/>
    <property name="sun.arch.data.model" value="64"/>
    <property name="user.variant" value=""/>
    <property name="java.vendor.url" value="https://java.oracle.com/"/>
    <property name="user.timezone" value="Asia/Jakarta"/>
    <property name="os.name" value="Windows 11"/>
    <property name="java.vm.specification.version" value="21"/>
    <property name="sun.java.launcher" value="SUN_STANDARD"/>
    <property name="user.country" value="ID"/>
    <property name="sun.boot.library.path" value="C:\Program Files\Java\jdk-21\bin"/>
    <property name="sun.java.command" value="C:\Users\Adinda Fauzia P\AppData\Local\Temp\surefire6449246084277544538\surefirebooter-20250527112741700_3.jar C:\Users\Adinda Fauzia P\AppData\Local\Temp\surefire6449246084277544538 2025-05-27T11-27-41_513-jvmRun1 surefire-20250527112741700_1tmp surefire_0-20250527112741700_2tmp"/>
    <property name="jdk.debug" value="release"/>
    <property name="surefire.test.class.path" value="C:\Users\Adinda Fauzia P\Documents\Semester 6\PPL\WebAutomationTesting-PPLPraktek\target\test-classes;C:\Users\Adinda Fauzia P\Documents\Semester 6\PPL\WebAutomationTesting-PPLPraktek\target\classes;C:\Users\Adinda Fauzia P\.m2\repository\io\cucumber\cucumber-java\7.22.2\cucumber-java-7.22.2.jar;C:\Users\Adinda Fauzia P\.m2\repository\io\cucumber\cucumber-core\7.22.2\cucumber-core-7.22.2.jar;C:\Users\Adinda Fauzia P\.m2\repository\io\cucumber\cucumber-gherkin\7.22.2\cucumber-gherkin-7.22.2.jar;C:\Users\Adinda Fauzia P\.m2\repository\io\cucumber\cucumber-gherkin-messages\7.22.2\cucumber-gherkin-messages-7.22.2.jar;C:\Users\Adinda Fauzia P\.m2\repository\io\cucumber\messages\27.2.0\messages-27.2.0.jar;C:\Users\Adinda Fauzia P\.m2\repository\io\cucumber\testng-xml-formatter\0.3.1\testng-xml-formatter-0.3.1.jar;C:\Users\Adinda Fauzia P\.m2\repository\io\cucumber\query\13.2.0\query-13.2.0.jar;C:\Users\Adinda Fauzia P\.m2\repository\io\cucumber\tag-expressions\6.1.2\tag-expressions-6.1.2.jar;C:\Users\Adinda Fauzia P\.m2\repository\io\cucumber\cucumber-expressions\18.0.1\cucumber-expressions-18.0.1.jar;C:\Users\Adinda Fauzia P\.m2\repository\io\cucumber\datatable\7.22.2\datatable-7.22.2.jar;C:\Users\Adinda Fauzia P\.m2\repository\io\cucumber\cucumber-plugin\7.22.2\cucumber-plugin-7.22.2.jar;C:\Users\Adinda Fauzia P\.m2\repository\io\cucumber\docstring\7.22.2\docstring-7.22.2.jar;C:\Users\Adinda Fauzia P\.m2\repository\io\cucumber\html-formatter\21.10.1\html-formatter-21.10.1.jar;C:\Users\Adinda Fauzia P\.m2\repository\io\cucumber\junit-xml-formatter\0.7.1\junit-xml-formatter-0.7.1.jar;C:\Users\Adinda Fauzia P\.m2\repository\io\cucumber\ci-environment\10.0.1\ci-environment-10.0.1.jar;C:\Users\Adinda Fauzia P\.m2\repository\org\apiguardian\apiguardian-api\1.1.2\apiguardian-api-1.1.2.jar;C:\Users\Adinda Fauzia P\.m2\repository\io\cucumber\cucumber-junit-platform-engine\7.22.2\cucumber-junit-platform-engine-7.22.2.jar;C:\Users\Adinda Fauzia P\.m2\repository\org\junit\platform\junit-platform-engine\1.12.2\junit-platform-engine-1.12.2.jar;C:\Users\Adinda Fauzia P\.m2\repository\org\opentest4j\opentest4j\1.3.0\opentest4j-1.3.0.jar;C:\Users\Adinda Fauzia P\.m2\repository\org\junit\platform\junit-platform-commons\1.12.2\junit-platform-commons-1.12.2.jar;C:\Users\Adinda Fauzia P\.m2\repository\org\junit\jupiter\junit-jupiter\5.12.2\junit-jupiter-5.12.2.jar;C:\Users\Adinda Fauzia P\.m2\repository\org\junit\jupiter\junit-jupiter-api\5.12.2\junit-jupiter-api-5.12.2.jar;C:\Users\Adinda Fauzia P\.m2\repository\org\junit\jupiter\junit-jupiter-params\5.12.2\junit-jupiter-params-5.12.2.jar;C:\Users\Adinda Fauzia P\.m2\repository\org\junit\jupiter\junit-jupiter-engine\5.12.2\junit-jupiter-engine-5.12.2.jar;C:\Users\Adinda Fauzia P\.m2\repository\org\junit\platform\junit-platform-suite\1.12.2\junit-platform-suite-1.12.2.jar;C:\Users\Adinda Fauzia P\.m2\repository\org\junit\platform\junit-platform-suite-api\1.12.2\junit-platform-suite-api-1.12.2.jar;C:\Users\Adinda Fauzia P\.m2\repository\org\junit\platform\junit-platform-suite-engine\1.12.2\junit-platform-suite-engine-1.12.2.jar;C:\Users\Adinda Fauzia P\.m2\repository\org\junit\platform\junit-platform-suite-commons\1.12.2\junit-platform-suite-commons-1.12.2.jar;C:\Users\Adinda Fauzia P\.m2\repository\org\seleniumhq\selenium\selenium-java\4.31.0\selenium-java-4.31.0.jar;C:\Users\Adinda Fauzia P\.m2\repository\org\seleniumhq\selenium\selenium-api\4.31.0\selenium-api-4.31.0.jar;C:\Users\Adinda Fauzia P\.m2\repository\org\jspecify\jspecify\1.0.0\jspecify-1.0.0.jar;C:\Users\Adinda Fauzia P\.m2\repository\org\seleniumhq\selenium\selenium-chrome-driver\4.31.0\selenium-chrome-driver-4.31.0.jar;C:\Users\Adinda Fauzia P\.m2\repository\com\google\auto\service\auto-service-annotations\1.1.1\auto-service-annotations-1.1.1.jar;C:\Users\Adinda Fauzia P\.m2\repository\org\seleniumhq\selenium\selenium-chromium-driver\4.31.0\selenium-chromium-driver-4.31.0.jar;C:\Users\Adinda Fauzia P\.m2\repository\org\seleniumhq\selenium\selenium-json\4.31.0\selenium-json-4.31.0.jar;C:\Users\Adinda Fauzia P\.m2\repository\org\seleniumhq\selenium\selenium-manager\4.31.0\selenium-manager-4.31.0.jar;C:\Users\Adinda Fauzia P\.m2\repository\org\seleniumhq\selenium\selenium-devtools-v133\4.31.0\selenium-devtools-v133-4.31.0.jar;C:\Users\Adinda Fauzia P\.m2\repository\org\seleniumhq\selenium\selenium-devtools-v134\4.31.0\selenium-devtools-v134-4.31.0.jar;C:\Users\Adinda Fauzia P\.m2\repository\org\seleniumhq\selenium\selenium-devtools-v135\4.31.0\selenium-devtools-v135-4.31.0.jar;C:\Users\Adinda Fauzia P\.m2\repository\org\seleniumhq\selenium\selenium-edge-driver\4.31.0\selenium-edge-driver-4.31.0.jar;C:\Users\Adinda Fauzia P\.m2\repository\org\seleniumhq\selenium\selenium-firefox-driver\4.31.0\selenium-firefox-driver-4.31.0.jar;C:\Users\Adinda Fauzia P\.m2\repository\org\seleniumhq\selenium\selenium-http\4.31.0\selenium-http-4.31.0.jar;C:\Users\Adinda Fauzia P\.m2\repository\org\seleniumhq\selenium\selenium-ie-driver\4.31.0\selenium-ie-driver-4.31.0.jar;C:\Users\Adinda Fauzia P\.m2\repository\org\seleniumhq\selenium\selenium-remote-driver\4.31.0\selenium-remote-driver-4.31.0.jar;C:\Users\Adinda Fauzia P\.m2\repository\com\google\guava\guava\33.4.6-jre\guava-33.4.6-jre.jar;C:\Users\Adinda Fauzia P\.m2\repository\com\google\guava\failureaccess\1.0.3\failureaccess-1.0.3.jar;C:\Users\Adinda Fauzia P\.m2\repository\com\google\guava\listenablefuture\9999.0-empty-to-avoid-conflict-with-guava\listenablefuture-9999.0-empty-to-avoid-conflict-with-guava.jar;C:\Users\Adinda Fauzia P\.m2\repository\com\google\j2objc\j2objc-annotations\3.0.0\j2objc-annotations-3.0.0.jar;C:\Users\Adinda Fauzia P\.m2\repository\io\opentelemetry\opentelemetry-api\1.48.0\opentelemetry-api-1.48.0.jar;C:\Users\Adinda Fauzia P\.m2\repository\io\opentelemetry\opentelemetry-context\1.48.0\opentelemetry-context-1.48.0.jar;C:\Users\Adinda Fauzia P\.m2\repository\io\opentelemetry\opentelemetry-exporter-logging\1.48.0\opentelemetry-exporter-logging-1.48.0.jar;C:\Users\Adinda Fauzia P\.m2\repository\io\opentelemetry\opentelemetry-sdk-common\1.48.0\opentelemetry-sdk-common-1.48.0.jar;C:\Users\Adinda Fauzia P\.m2\repository\io\opentelemetry\opentelemetry-sdk-extension-autoconfigure-spi\1.48.0\opentelemetry-sdk-extension-autoconfigure-spi-1.48.0.jar;C:\Users\Adinda Fauzia P\.m2\repository\io\opentelemetry\opentelemetry-sdk-extension-autoconfigure\1.48.0\opentelemetry-sdk-extension-autoconfigure-1.48.0.jar;C:\Users\Adinda Fauzia P\.m2\repository\io\opentelemetry\opentelemetry-sdk-trace\1.48.0\opentelemetry-sdk-trace-1.48.0.jar;C:\Users\Adinda Fauzia P\.m2\repository\io\opentelemetry\opentelemetry-sdk\1.48.0\opentelemetry-sdk-1.48.0.jar;C:\Users\Adinda Fauzia P\.m2\repository\io\opentelemetry\opentelemetry-sdk-metrics\1.48.0\opentelemetry-sdk-metrics-1.48.0.jar;C:\Users\Adinda Fauzia P\.m2\repository\io\opentelemetry\opentelemetry-sdk-logs\1.48.0\opentelemetry-sdk-logs-1.48.0.jar;C:\Users\Adinda Fauzia P\.m2\repository\org\seleniumhq\selenium\selenium-os\4.31.0\selenium-os-4.31.0.jar;C:\Users\Adinda Fauzia P\.m2\repository\org\apache\commons\commons-exec\1.4.0\commons-exec-1.4.0.jar;C:\Users\Adinda Fauzia P\.m2\repository\org\seleniumhq\selenium\selenium-safari-driver\4.31.0\selenium-safari-driver-4.31.0.jar;C:\Users\Adinda Fauzia P\.m2\repository\org\seleniumhq\selenium\selenium-support\4.31.0\selenium-support-4.31.0.jar;C:\Users\Adinda Fauzia P\.m2\repository\io\github\bonigarcia\webdrivermanager\6.1.0\webdrivermanager-6.1.0.jar;C:\Users\Adinda Fauzia P\.m2\repository\org\slf4j\slf4j-api\2.0.17\slf4j-api-2.0.17.jar;C:\Users\Adinda Fauzia P\.m2\repository\com\google\code\gson\gson\2.13.0\gson-2.13.0.jar;C:\Users\Adinda Fauzia P\.m2\repository\com\google\errorprone\error_prone_annotations\2.37.0\error_prone_annotations-2.37.0.jar;C:\Users\Adinda Fauzia P\.m2\repository\com\github\docker-java\docker-java\3.5.0\docker-java-3.5.0.jar;C:\Users\Adinda Fauzia P\.m2\repository\com\github\docker-java\docker-java-core\3.5.0\docker-java-core-3.5.0.jar;C:\Users\Adinda Fauzia P\.m2\repository\com\github\docker-java\docker-java-api\3.5.0\docker-java-api-3.5.0.jar;C:\Users\Adinda Fauzia P\.m2\repository\com\fasterxml\jackson\core\jackson-annotations\2.18.3\jackson-annotations-2.18.3.jar;C:\Users\Adinda Fauzia P\.m2\repository\com\fasterxml\jackson\core\jackson-databind\2.18.3\jackson-databind-2.18.3.jar;C:\Users\Adinda Fauzia P\.m2\repository\com\fasterxml\jackson\core\jackson-core\2.18.3\jackson-core-2.18.3.jar;C:\Users\Adinda Fauzia P\.m2\repository\org\slf4j\jcl-over-slf4j\1.7.30\jcl-over-slf4j-1.7.30.jar;C:\Users\Adinda Fauzia P\.m2\repository\com\github\docker-java\docker-java-transport-httpclient5\3.5.0\docker-java-transport-httpclient5-3.5.0.jar;C:\Users\Adinda Fauzia P\.m2\repository\com\github\docker-java\docker-java-transport\3.5.0\docker-java-transport-3.5.0.jar;C:\Users\Adinda Fauzia P\.m2\repository\net\java\dev\jna\jna\5.17.0\jna-5.17.0.jar;C:\Users\Adinda Fauzia P\.m2\repository\org\brotli\dec\0.1.2\dec-0.1.2.jar;C:\Users\Adinda Fauzia P\.m2\repository\org\apache\commons\commons-lang3\3.17.0\commons-lang3-3.17.0.jar;C:\Users\Adinda Fauzia P\.m2\repository\org\apache\commons\commons-compress\1.27.1\commons-compress-1.27.1.jar;C:\Users\Adinda Fauzia P\.m2\repository\commons-codec\commons-codec\1.17.1\commons-codec-1.17.1.jar;C:\Users\Adinda Fauzia P\.m2\repository\commons-io\commons-io\2.16.1\commons-io-2.16.1.jar;C:\Users\Adinda Fauzia P\.m2\repository\org\apache\httpcomponents\client5\httpclient5\5.4.3\httpclient5-5.4.3.jar;C:\Users\Adinda Fauzia P\.m2\repository\org\apache\httpcomponents\core5\httpcore5\5.3.4\httpcore5-5.3.4.jar;C:\Users\Adinda Fauzia P\.m2\repository\org\apache\httpcomponents\core5\httpcore5-h2\5.3.4\httpcore5-h2-5.3.4.jar;C:\Users\Adinda Fauzia P\.m2\repository\net\java\dev\jna\jna-platform\5.13.0\jna-platform-5.13.0.jar;C:\Users\Adinda Fauzia P\.m2\repository\org\assertj\assertj-core\3.27.3\assertj-core-3.27.3.jar;C:\Users\Adinda Fauzia P\.m2\repository\net\bytebuddy\byte-buddy\1.15.11\byte-buddy-1.15.11.jar;C:\Users\Adinda Fauzia P\.m2\repository\io\qameta\allure\allure-junit5\2.24.0\allure-junit5-2.24.0.jar;C:\Users\Adinda Fauzia P\.m2\repository\io\qameta\allure\allure-junit-platform\2.24.0\allure-junit-platform-2.24.0.jar;C:\Users\Adinda Fauzia P\.m2\repository\io\qameta\allure\allure-test-filter\2.24.0\allure-test-filter-2.24.0.jar;C:\Users\Adinda Fauzia P\.m2\repository\org\junit\platform\junit-platform-launcher\1.12.2\junit-platform-launcher-1.12.2.jar;C:\Users\Adinda Fauzia P\.m2\repository\io\qameta\allure\allure-cucumber7-jvm\2.24.0\allure-cucumber7-jvm-2.24.0.jar;C:\Users\Adinda Fauzia P\.m2\repository\io\qameta\allure\allure-java-commons\2.24.0\allure-java-commons-2.24.0.jar;C:\Users\Adinda Fauzia P\.m2\repository\io\qameta\allure\allure-model\2.24.0\allure-model-2.24.0.jar;C:\Users\Adinda Fauzia P\.m2\repository\io\cucumber\gherkin\32.1.1\gherkin-32.1.1.jar;"/>
    <property name="sun.cpu.endian" value="little"/>
    <property name="user.home" value="C:\Users\Adinda Fauzia P"/>
    <property name="user.language" value="en"/>
    <property name="java.specification.vendor" value="Oracle Corporation"/>
    <property name="java.version.date" value="2025-01-21"/>
    <property name="java.home" value="C:\Program Files\Java\jdk-21"/>
    <property name="file.separator" value="\"/>
    <property name="basedir" value="C:\Users\Adinda Fauzia P\Documents\Semester 6\PPL\WebAutomationTesting-PPLPraktek"/>
    <property name="java.vm.compressedOopsMode" value="Zero based"/>
    <property name="line.separator" value="&#10;"/>
    <property name="java.vm.specification.vendor" value="Oracle Corporation"/>
    <property name="java.specification.name" value="Java Platform API Specification"/>
    <property name="surefire.real.class.path" value="C:\Users\Adinda Fauzia P\AppData\Local\Temp\surefire6449246084277544538\surefirebooter-20250527112741700_3.jar"/>
    <property name="user.script" value=""/>
    <property name="sun.management.compiler" value="HotSpot 64-Bit Tiered Compilers"/>
    <property name="java.runtime.version" value="21.0.6+8-LTS-188"/>
    <property name="webdriver.edge.driver" value="C:\Users\Adinda Fauzia P\.cache\selenium\msedgedriver\win64\136.0.3240.92\msedgedriver.exe"/>
    <property name="user.name" value="Adinda Fauzia P"/>
    <property name="stdout.encoding" value="Cp1252"/>
    <property name="path.separator" value=";"/>
    <property name="os.version" value="10.0"/>
    <property name="java.runtime.name" value="Java(TM) SE Runtime Environment"/>
    <property name="file.encoding" value="UTF-8"/>
    <property name="java.vm.name" value="Java HotSpot(TM) 64-Bit Server VM"/>
    <property name="localRepository" value="C:\Users\Adinda Fauzia P\.m2\repository"/>
    <property name="java.vendor.url.bug" value="https://bugreport.java.com/bugreport/"/>
    <property name="java.io.tmpdir" value="C:\Users\ADINDA~1\AppData\Local\Temp\"/>
    <property name="java.version" value="21.0.6"/>
    <property name="user.dir" value="C:\Users\Adinda Fauzia P\Documents\Semester 6\PPL\WebAutomationTesting-PPLPraktek"/>
    <property name="os.arch" value="amd64"/>
    <property name="java.vm.specification.name" value="Java Virtual Machine Specification"/>
    <property name="sun.os.patch.level" value=""/>
    <property name="native.encoding" value="Cp1252"/>
    <property name="java.library.path" value="C:\Program Files\Java\jdk-21\bin;C:\WINDOWS\Sun\Java\bin;C:\WINDOWS\system32;C:\WINDOWS;C:\Program Files\Microsoft MPI\Bin\;C:\Python312\Scripts\;C:\Python312\;C:\Program Files\Java\jdk-21\bin;C:\Program Files\Common Files\Oracle\Java\javapath;C:\WINDOWS\system32;C:\WINDOWS;C:\WINDOWS\System32\Wbem;C:\WINDOWS\System32\WindowsPowerShell\v1.0\;C:\WINDOWS\System32\OpenSSH\;C:\MinGW\bin;C:\Program Files\Java\jdk-11.0.16.1\bin;C:\Users\Adinda Fauzia P\Documents\python-3.11.2-amd64.exe;C:\MAVEN-BIN\apache-maven-3.9.1\bin;C:\Program Files\PuTTY\;C:\Program Files\MongoDB\Server\7.0\bin;C:\mongosh-2.1.3-win32-x64\mongosh-2.1.3-win32-x64\bin;C:\Program Files\Git\cmd;C:\ProgramData\chocolatey\bin;C:\Program Files\Docker\Docker\resources\bin;C:\xampp\php;C:\ProgramData\ComposerSetup\bin;C:\Program Files\nodejs\;C:\minikube;C:\Gradle\gradle-8.13\bin;C:\Program Files (x86)\Go\bin;C:\Users\Adinda Fauzia P\AppData\Local\Microsoft\WindowsApps;C:\Users\Adinda Fauzia P\AppData\Local\Programs\Microsoft VS Code\bin;C:\ghcup\bin;C:\Users\Adinda Fauzia P\AppData\Roaming\Composer\vendor\bin;C:\Program Files\apache-maven-3.9.9\bin;C:\Users\Adinda Fauzia P\AppData\Roaming\npm;C:\Users\Adinda Fauzia P\go\bin;c:\Users\Adinda Fauzia P\AppData\Roaming\Code\User\globalStorage\github.copilot-chat\debugCommand;."/>
    <property name="java.vm.info" value="mixed mode, sharing"/>
    <property name="stderr.encoding" value="Cp1252"/>
    <property name="java.vendor" value="Oracle Corporation"/>
    <property name="java.vm.version" value="21.0.6+8-LTS-188"/>
    <property name="sun.io.unicode.encoding" value="UnicodeLittle"/>
    <property name="java.class.version" value="65.0"/>
  </properties>
  <testcase name="Login Functionality - Check login is successful with valid credentials as role &quot;bendahara&quot;" classname="Login Functionality" time="8.006">
    <system-out><![CDATA[
Scenario: Check login is successful with valid credentials as role "bendahara" &amp#27;[90m# login.feature:3&amp#27;[0m
  &amp#27;[32mGiven &amp#27;[0m&amp#27;[32mUser has opened the browser&amp#27;[0m                                            &amp#27;[90m# com.a8.stepDefinitions.LoginStepDefinitions.user_opens_browser()&amp#27;[0m
  &amp#27;[32mAnd &amp#27;[0m&amp#27;[32mUser navigates to the login page with url &amp#27;[0m&amp#27;[32m&amp#27;[1m"http://ptbsp.ddns.net:6882"&amp#27;[0m   &amp#27;[90m# com.a8.stepDefinitions.LoginStepDefinitions.user_navigates_to_login_page(java.lang.String)&amp#27;[0m
  &amp#27;[32mWhen &amp#27;[0m&amp#27;[32mUser enters username &amp#27;[0m&amp#27;[32m&amp#27;[1m"bendahara"&amp#27;[0m&amp#27;[32m and password &amp#27;[0m&amp#27;[32m&amp#27;[1m"admin123"&amp#27;[0m                &amp#27;[90m# com.a8.stepDefinitions.LoginStepDefinitions.user_enters_credentials(java.lang.String,java.lang.String)&amp#27;[0m
  &amp#27;[32mAnd &amp#27;[0m&amp#27;[32mUser clicks on login button&amp#27;[0m                                              &amp#27;[90m# com.a8.stepDefinitions.LoginStepDefinitions.user_clicks_login_button()&amp#27;[0m
  &amp#27;[32mThen &amp#27;[0m&amp#27;[32mUser is navigated to the dashboard page&amp#27;[0m                                 &amp#27;[90m# com.a8.stepDefinitions.LoginStepDefinitions.user_is_navigated_to_dashboard_page()&amp#27;[0m
  &amp#27;[32mAnd &amp#27;[0m&amp#27;[32mUser should be able to see navigation bar for bendahara&amp#27;[0m                  &amp#27;[90m# com.a8.stepDefinitions.LoginStepDefinitions.user_should_see_navbar_for_bendahara()&amp#27;[0m
]]></system-out>
    <system-err><![CDATA[SLF4J(W): No SLF4J providers were found.
SLF4J(W): Defaulting to no-operation (NOP) logger implementation
SLF4J(W): See https://www.slf4j.org/codes.html#noProviders for further details.
May 27, 2025 11:27:44 AM org.openqa.selenium.devtools.CdpVersionFinder findNearestMatch
WARNING: Unable to find an exact match for CDP version 136, returning the closest version; found: 135; Please update to a Selenium version that supports CDP version 136
]]></system-err>
  </testcase>
  <testcase name="Login Functionality - Check login is unsuccessful with invalid username (username not valid)" classname="Login Functionality" time="7.057">
    <system-out><![CDATA[
Scenario: Check login is unsuccessful with invalid username (username not valid)                                              &amp#27;[90m# login.feature:12&amp#27;[0m
  &amp#27;[32mGiven &amp#27;[0m&amp#27;[32mUser has opened the browser&amp#27;[0m                                                                                           &amp#27;[90m# com.a8.stepDefinitions.LoginStepDefinitions.user_opens_browser()&amp#27;[0m
  &amp#27;[32mAnd &amp#27;[0m&amp#27;[32mUser navigates to the login page with url &amp#27;[0m&amp#27;[32m&amp#27;[1m"http://ptbsp.ddns.net:6882"&amp#27;[0m                                                  &amp#27;[90m# com.a8.stepDefinitions.LoginStepDefinitions.user_navigates_to_login_page(java.lang.String)&amp#27;[0m
  &amp#27;[32mWhen &amp#27;[0m&amp#27;[32mUser enters username &amp#27;[0m&amp#27;[32m&amp#27;[1m"indra"&amp#27;[0m&amp#27;[32m and password &amp#27;[0m&amp#27;[32m&amp#27;[1m"admin123"&amp#27;[0m                                                                   &amp#27;[90m# com.a8.stepDefinitions.LoginStepDefinitions.user_enters_credentials(java.lang.String,java.lang.String)&amp#27;[0m
  &amp#27;[32mAnd &amp#27;[0m&amp#27;[32mUser clicks on login button&amp#27;[0m                                                                                             &amp#27;[90m# com.a8.stepDefinitions.LoginStepDefinitions.user_clicks_login_button()&amp#27;[0m
  &amp#27;[32mThen &amp#27;[0m&amp#27;[32mUser should be able to see unsuccessful login notification message : Incorrect username or password, please try again!&amp#27;[0m &amp#27;[90m# com.a8.stepDefinitions.LoginStepDefinitions.user_sees_unsuccessful_login_message()&amp#27;[0m
]]></system-out>
    <system-err><![CDATA[May 27, 2025 11:27:51 AM org.openqa.selenium.devtools.CdpVersionFinder findNearestMatch
WARNING: Unable to find an exact match for CDP version 136, returning the closest version; found: 135; Please update to a Selenium version that supports CDP version 136
]]></system-err>
  </testcase>
  <testcase name="Login Functionality - Check login is unsuccessful with invalid credentials (password not valid)" classname="Login Functionality" time="7.028">
    <system-out><![CDATA[
Scenario: Check login is unsuccessful with invalid credentials (password not valid)                                           &amp#27;[90m# login.feature:20&amp#27;[0m
  &amp#27;[32mGiven &amp#27;[0m&amp#27;[32mUser has opened the browser&amp#27;[0m                                                                                           &amp#27;[90m# com.a8.stepDefinitions.LoginStepDefinitions.user_opens_browser()&amp#27;[0m
  &amp#27;[32mAnd &amp#27;[0m&amp#27;[32mUser navigates to the login page with url &amp#27;[0m&amp#27;[32m&amp#27;[1m"http://ptbsp.ddns.net:6882"&amp#27;[0m                                                  &amp#27;[90m# com.a8.stepDefinitions.LoginStepDefinitions.user_navigates_to_login_page(java.lang.String)&amp#27;[0m
  &amp#27;[32mWhen &amp#27;[0m&amp#27;[32mUser enters username &amp#27;[0m&amp#27;[32m&amp#27;[1m"bendahara"&amp#27;[0m&amp#27;[32m and password &amp#27;[0m&amp#27;[32m&amp#27;[1m"12w3q5"&amp#27;[0m                                                                 &amp#27;[90m# com.a8.stepDefinitions.LoginStepDefinitions.user_enters_credentials(java.lang.String,java.lang.String)&amp#27;[0m
  &amp#27;[32mAnd &amp#27;[0m&amp#27;[32mUser clicks on login button&amp#27;[0m                                                                                             &amp#27;[90m# com.a8.stepDefinitions.LoginStepDefinitions.user_clicks_login_button()&amp#27;[0m
  &amp#27;[32mThen &amp#27;[0m&amp#27;[32mUser should be able to see unsuccessful login notification message : Incorrect username or password, please try again!&amp#27;[0m &amp#27;[90m# com.a8.stepDefinitions.LoginStepDefinitions.user_sees_unsuccessful_login_message()&amp#27;[0m
]]></system-out>
    <system-err><![CDATA[May 27, 2025 11:27:58 AM org.openqa.selenium.devtools.CdpVersionFinder findNearestMatch
WARNING: Unable to find an exact match for CDP version 136, returning the closest version; found: 135; Please update to a Selenium version that supports CDP version 136
]]></system-err>
  </testcase>
</testsuite>